Arguments: 
  C:\Program Files\nodejs\node.exe C:\Program Files (x86)\Yarn\bin\yarn.js upgrade

PATH: 
  C:\Program Files (x86)\Python27\;C:\Program Files (x86)\Python27\Scripts;C:\Windows\system32;C:\Windows;C:\Windows\System32\Wbem;C:\Windows\System32\WindowsPowerShell\v1.0\;C:\Program Files\Git\cmd;C:\Program Files (x86)\Yarn\bin\;C:\Users\jacek.mankowski\AppData\Roaming\nvm;C:\Program Files\nodejs;C:\Program Files\Microsoft VS Code\bin;;C:\Program Files\Microsoft VS Code\bin;C:\Users\jacek.mankowski\AppData\Roaming\npm;C:\Users\jacek.mankowski\AppData\Local\Yarn\bin;C:\Users\jacek.mankowski\AppData\Roaming\nvm;C:\Program Files\nodejs

Yarn version: 
  1.5.1

Node version: 
  10.4.1

Platform: 
  win32 x64

npm manifest: 
  {
    "name": "test",
    "version": "1.0.0",
    "description": "",
    "main": "index.js",
    "scripts": {
      "test": "echo \"Error: no test specified\" && exit 1",
      "w": "node watcher.js"
    },
    "keywords": [],
    "author": "",
    "license": "ISC",
    "dependencies": {
      "colors": "^1.3.3",
      "gaze": "^1.1.3",
      "svelte-module-combine": "git+https://github.com/proprogrammer2015/svelte-module-combine.git"
    }
  }

yarn manifest: 
  No manifest

Lockfile: 
  No lockfile

Trace: 
  Error: No lockfile in this directory. Run `yarn install` to generate one.
      at new MessageError (C:\Program Files (x86)\Yarn\lib\cli.js:186:110)
      at C:\Program Files (x86)\Yarn\lib\cli.js:89389:13
